#
# There is insufficient memory for the Java Runtime Environment to continue.
# Native memory allocation (malloc) failed to allocate 769616 bytes for Chunk::new
# Possible reasons:
#   The system is out of physical RAM or swap space
#   The process is running with CompressedOops enabled, and the Java Heap may be blocking the growth of the native heap
# Possible solutions:
#   Reduce memory load on the system
#   Increase physical memory or swap space
#   Check if swap backing store is full
#   Decrease Java heap size (-Xmx/-Xms)
#   Decrease number of Java threads
#   Decrease Java thread stack sizes (-Xss)
#   Set larger code cache with -XX:ReservedCodeCacheSize=
#   JVM is running with Zero Based Compressed Oops mode in which the Java heap is
#     placed in the first 32GB address space. The Java Heap base address is the
#     maximum limit for the native heap growth. Please use -XX:HeapBaseMinAddress
#     to set the Java Heap base and to place the Java Heap above 32GB virtual address.
# This output file may be truncated or incomplete.
#
#  Out of Memory Error (./src/hotspot/share/memory/arena.cpp:197), pid=26832, tid=29204
#
# JRE version: OpenJDK Runtime Environment Corretto-11.0.14.10.1 (11.0.14.1+10) (build 11.0.14.1+10-LTS)
# Java VM: OpenJDK 64-Bit Server VM Corretto-11.0.14.10.1 (11.0.14.1+10-LTS, mixed mode, tiered, compressed oops, g1 gc, windows-amd64)
# No core dump will be written. Minidumps are not enabled by default on client versions of Windows
#

---------------  S U M M A R Y ------------

Command Line: -javaagent:C:\Users\Katyuna\.m2\repository/org/aspectj/aspectjweaver/1.9.7/aspectjweaver-1.9.7.jar C:\Users\Katyuna\AppData\Local\Temp\surefire16347437090106676668\surefirebooter8731822571595317464.jar C:\Users\Katyuna\AppData\Local\Temp\surefire16347437090106676668 2022-03-22T18-13-43_385-jvmRun1 surefire4633381818768413308tmp surefire_06853927503030269466tmp

Host: AMD Ryzen 5 5500U with Radeon Graphics         , 12 cores, 31G,  Windows 11 , 64 bit Build 22000 (10.0.22000.434)
Time: Tue Mar 22 18:14:19 2022 Алтайское стандартное время elapsed time: 34.985332 seconds (0d 0h 0m 34s)

---------------  T H R E A D  ---------------

Current thread (0x0000000030ea9800):  JavaThread "C2 CompilerThread0" daemon [_thread_in_native, id=29204, stack(0x0000000031820000,0x0000000031920000)]


Current CompileTask:
C2:  34985 4023       4       org.aspectj.weaver.AbstractReferenceTypeDelegate::setSourcefilename (133 bytes)

Stack: [0x0000000031820000,0x0000000031920000]
Native frames: (J=compiled Java code, j=interpreted, Vv=VM code, C=native code)
V  [jvm.dll+0x61e62a]
V  [jvm.dll+0x7ab569]
V  [jvm.dll+0x7acc58]
V  [jvm.dll+0x7ad333]
V  [jvm.dll+0x24f7f8]
V  [jvm.dll+0xc260c]
V  [jvm.dll+0xc2bcc]
V  [jvm.dll+0x359a52]
V  [jvm.dll+0x325a13]
V  [jvm.dll+0x324d4a]
V  [jvm.dll+0x208c35]
V  [jvm.dll+0x207e1d]
V  [jvm.dll+0x18a2d1]
V  [jvm.dll+0x217574]
V  [jvm.dll+0x2157bb]
V  [jvm.dll+0x76e0c0]
V  [jvm.dll+0x767024]
V  [jvm.dll+0x61d486]
C  [ucrtbase.dll+0x26c0c]
C  [KERNEL32.DLL+0x154e0]
C  [ntdll.dll+0x485b]


---------------  P R O C E S S  ---------------

Threads class SMR info:
_java_thread_list=0x00000000376f5a80, length=31, elements={
0x0000000002b9d800, 0x0000000030e20000, 0x0000000030e21000, 0x0000000030ea2000,
0x0000000030ea3000, 0x0000000030ea4000, 0x0000000030ea9800, 0x0000000030ec4800,
0x0000000030f28000, 0x000000003102e800, 0x00000000329be000, 0x0000000032b48000,
0x0000000032fd1000, 0x0000000035187000, 0x0000000032740000, 0x00000000326a3000,
0x00000000325bf800, 0x00000000326e8000, 0x00000000374ea800, 0x0000000034ee0000,
0x000000003612e800, 0x0000000036131000, 0x0000000036132000, 0x0000000036130000,
0x0000000036133800, 0x0000000036132800, 0x000000003612d800, 0x0000000036134000,
0x000000003612f800, 0x0000000034cec800, 0x0000000034ced000
}

Java Threads: ( => current thread )
  0x0000000002b9d800 JavaThread "main" [_thread_in_Java, id=25668, stack(0x0000000002280000,0x0000000002380000)]
  0x0000000030e20000 JavaThread "Reference Handler" daemon [_thread_blocked, id=11252, stack(0x0000000031210000,0x0000000031310000)]
  0x0000000030e21000 JavaThread "Finalizer" daemon [_thread_blocked, id=4328, stack(0x0000000031310000,0x0000000031410000)]
  0x0000000030ea2000 JavaThread "Signal Dispatcher" daemon [_thread_blocked, id=1888, stack(0x0000000031520000,0x0000000031620000)]
  0x0000000030ea3000 JavaThread "Attach Listener" daemon [_thread_blocked, id=31716, stack(0x0000000031620000,0x0000000031720000)]
  0x0000000030ea4000 JavaThread "Service Thread" daemon [_thread_blocked, id=11196, stack(0x0000000031720000,0x0000000031820000)]
=>0x0000000030ea9800 JavaThread "C2 CompilerThread0" daemon [_thread_in_native, id=29204, stack(0x0000000031820000,0x0000000031920000)]
  0x0000000030ec4800 JavaThread "C1 CompilerThread0" daemon [_thread_blocked, id=28964, stack(0x0000000031920000,0x0000000031a20000)]
  0x0000000030f28000 JavaThread "Sweeper thread" daemon [_thread_blocked, id=11768, stack(0x0000000031a20000,0x0000000031b20000)]
  0x000000003102e800 JavaThread "Common-Cleaner" daemon [_thread_blocked, id=11796, stack(0x0000000031b20000,0x0000000031c20000)]
  0x00000000329be000 JavaThread "surefire-forkedjvm-command-thread" daemon [_thread_in_native, id=18104, stack(0x00000000342f0000,0x00000000343f0000)]
  0x0000000032b48000 JavaThread "surefire-forkedjvm-ping-30s" daemon [_thread_in_native, id=17112, stack(0x00000000346f0000,0x00000000347f0000)]
  0x0000000032fd1000 JavaThread "SeedGenerator Thread" daemon [_thread_blocked, id=10204, stack(0x00000000386a0000,0x00000000387a0000)]
  0x0000000035187000 JavaThread "ForkJoinPool.commonPool-worker-19" daemon [_thread_blocked, id=5028, stack(0x0000000035ac0000,0x0000000035bc0000)]
  0x0000000032740000 JavaThread "AsyncHttpClient-1-1" daemon [_thread_blocked, id=31240, stack(0x00000000349f0000,0x0000000034af0000)]
  0x00000000326a3000 JavaThread "ForkJoinPool.commonPool-worker-5" daemon [_thread_blocked, id=27536, stack(0x00000000348f0000,0x00000000349f0000)]
  0x00000000325bf800 JavaThread "ForkJoinPool.commonPool-worker-23" daemon [_thread_blocked, id=28336, stack(0x0000000038da0000,0x0000000038ea0000)]
  0x00000000326e8000 JavaThread "ForkJoinPool.commonPool-worker-9" daemon [_thread_blocked, id=2052, stack(0x0000000039570000,0x0000000039670000)]
  0x00000000374ea800 JavaThread "ForkJoinPool.commonPool-worker-27" daemon [_thread_blocked, id=27564, stack(0x0000000039670000,0x0000000039770000)]
  0x0000000034ee0000 JavaThread "ForkJoinPool.commonPool-worker-13" daemon [_thread_blocked, id=9096, stack(0x0000000039770000,0x0000000039870000)]
  0x000000003612e800 JavaThread "ForkJoinPool.commonPool-worker-31" daemon [_thread_blocked, id=20748, stack(0x0000000039970000,0x0000000039a70000)]
  0x0000000036131000 JavaThread "Exec Default Executor" daemon [_thread_in_native, id=9560, stack(0x0000000039870000,0x0000000039970000)]
  0x0000000036132000 JavaThread "Driver Service Executor" daemon [_thread_blocked, id=10836, stack(0x0000000039c70000,0x0000000039d70000)]
  0x0000000036130000 JavaThread "Driver Service Executor" daemon [_thread_blocked, id=21128, stack(0x0000000039d70000,0x0000000039e70000)]
  0x0000000036133800 JavaThread "Exec Stream Pumper" daemon [_thread_in_native, id=30736, stack(0x0000000039e70000,0x0000000039f70000)]
  0x0000000036132800 JavaThread "Exec Stream Pumper" daemon [_thread_in_native, id=25340, stack(0x0000000039f70000,0x000000003a070000)]
  0x000000003612d800 JavaThread "UrlChecker-2" daemon [_thread_blocked, id=25444, stack(0x000000003a070000,0x000000003a170000)]
  0x0000000036134000 JavaThread "ForkJoinPool.commonPool-worker-17" daemon [_thread_blocked, id=12028, stack(0x000000003a370000,0x000000003a470000)]
  0x000000003612f800 JavaThread "AsyncHttpClient-1-2" daemon [_thread_in_native, id=27056, stack(0x000000003a170000,0x000000003a270000)]
  0x0000000034cec800 JavaThread "AsyncHttpClient-1-3" daemon [_thread_in_native, id=22012, stack(0x000000003b680000,0x000000003b780000)]
  0x0000000034ced000 JavaThread "AsyncHttpClient-1-4" daemon [_thread_in_native, id=29892, stack(0x000000003b780000,0x000000003b880000)]

Other Threads:
  0x0000000030e1d000 VMThread "VM Thread" [stack: 0x0000000031110000,0x0000000031210000] [id=26584]
  0x000000003245f800 WatcherThread [stack: 0x0000000031c20000,0x0000000031d20000] [id=6656]
  0x0000000002bb5800 GCTaskThread "GC Thread#0" [stack: 0x0000000002560000,0x0000000002660000] [id=13648]
  0x000000003251e000 GCTaskThread "GC Thread#1" [stack: 0x00000000335f0000,0x00000000336f0000] [id=12812]
  0x0000000032774000 GCTaskThread "GC Thread#2" [stack: 0x00000000338f0000,0x00000000339f0000] [id=24744]
  0x0000000032777000 GCTaskThread "GC Thread#3" [stack: 0x00000000339f0000,0x0000000033af0000] [id=28904]
  0x0000000032777800 GCTaskThread "GC Thread#4" [stack: 0x0000000033af0000,0x0000000033bf0000] [id=8]
  0x0000000032778000 GCTaskThread "GC Thread#5" [stack: 0x0000000033bf0000,0x0000000033cf0000] [id=14300]
  0x0000000032779000 GCTaskThread "GC Thread#6" [stack: 0x0000000033cf0000,0x0000000033df0000] [id=29440]
  0x0000000032779800 GCTaskThread "GC Thread#7" [stack: 0x0000000033df0000,0x0000000033ef0000] [id=13700]
  0x000000003277a800 GCTaskThread "GC Thread#8" [stack: 0x0000000033ef0000,0x0000000033ff0000] [id=29856]
  0x00000000327be000 GCTaskThread "GC Thread#9" [stack: 0x0000000033ff0000,0x00000000340f0000] [id=12532]
  0x0000000002c34800 ConcurrentGCThread "G1 Main Marker" [stack: 0x000000002d470000,0x000000002d570000] [id=29224]
  0x0000000002c37800 ConcurrentGCThread "G1 Conc#0" [stack: 0x000000002d570000,0x000000002d670000] [id=4596]
  0x0000000033103800 ConcurrentGCThread "G1 Conc#1" [stack: 0x00000000345f0000,0x00000000346f0000] [id=11164]
  0x0000000032b0d800 ConcurrentGCThread "G1 Conc#2" [stack: 0x00000000347f0000,0x00000000348f0000] [id=11092]
  0x0000000030286000 ConcurrentGCThread "G1 Refine#0" [stack: 0x0000000030310000,0x0000000030410000] [id=30532]
  0x0000000030287000 ConcurrentGCThread "G1 Young RemSet Sampling" [stack: 0x0000000030410000,0x0000000030510000] [id=23432]

Threads with active compile tasks:
C2 CompilerThread0  35010 4023       4       org.aspectj.weaver.AbstractReferenceTypeDelegate::setSourcefilename (133 bytes)

VM state:not at safepoint (normal execution)

VM Mutex/Monitor currently owned by a thread: None

Heap address: 0x000000060a200000, size: 8030 MB, Compressed Oops mode: Zero based, Oop shift amount: 3
Narrow klass base: 0x0000000800000000, Narrow klass shift: 0
Compressed class space size: 1073741824 Address: 0x0000000800000000

Heap:
 garbage-first heap   total 514048K, used 129915K [0x000000060a200000, 0x0000000800000000)
  region size 2048K, 36 young (73728K), 4 survivors (8192K)
 Metaspace       used 42349K, capacity 43164K, committed 43340K, reserved 1087488K
  class space    used 4633K, capacity 4942K, committed 4992K, reserved 1048576K
Heap Regions: E=young(eden), S=young(survivor), O=old, HS=humongous(starts), HC=humongous(continues), CS=collection set, F=free, A=archive, TAMS=top-at-mark-start (previous, next)
|   0|0x000000060a200000, 0x000000060a400000, 0x000000060a400000|100%| O|  |TAMS 0x000000060a400000, 0x000000060a200000| Untracked 
|   1|0x000000060a400000, 0x000000060a600000, 0x000000060a600000|100%| O|  |TAMS 0x000000060a600000, 0x000000060a400000| Untracked 
|   2|0x000000060a600000, 0x000000060a800000, 0x000000060a800000|100%| O|  |TAMS 0x000000060a800000, 0x000000060a600000| Untracked 
|   3|0x000000060a800000, 0x000000060aa00000, 0x000000060aa00000|100%| O|  |TAMS 0x000000060aa00000, 0x000000060a800000| Untracked 
|   4|0x000000060aa00000, 0x000000060ac00000, 0x000000060ac00000|100%| O|  |TAMS 0x000000060ac00000, 0x000000060aa00000| Untracked 
|   5|0x000000060ac00000, 0x000000060ae00000, 0x000000060ae00000|100%| O|  |TAMS 0x000000060ae00000, 0x000000060ac00000| Untracked 
|   6|0x000000060ae00000, 0x000000060b000000, 0x000000060b000000|100%| O|  |TAMS 0x000000060b000000, 0x000000060ae00000| Untracked 
|   7|0x000000060b000000, 0x000000060b200000, 0x000000060b200000|100%| O|  |TAMS 0x000000060b200000, 0x000000060b000000| Untracked 
|   8|0x000000060b200000, 0x000000060b400000, 0x000000060b400000|100%| O|  |TAMS 0x000000060b400000, 0x000000060b200000| Untracked 
|   9|0x000000060b400000, 0x000000060b600000, 0x000000060b600000|100%| O|  |TAMS 0x000000060b600000, 0x000000060b400000| Untracked 
|  10|0x000000060b600000, 0x000000060b800000, 0x000000060b800000|100%| O|  |TAMS 0x000000060b800000, 0x000000060b600000| Untracked 
|  11|0x000000060b800000, 0x000000060ba00000, 0x000000060ba00000|100%| O|  |TAMS 0x000000060ba00000, 0x000000060b800000| Untracked 
|  12|0x000000060ba00000, 0x000000060bc00000, 0x000000060bc00000|100%| O|  |TAMS 0x000000060bc00000, 0x000000060ba00000| Untracked 
|  13|0x000000060bc00000, 0x000000060be00000, 0x000000060be00000|100%| O|  |TAMS 0x000000060be00000, 0x000000060bc00000| Untracked 
|  14|0x000000060be00000, 0x000000060c000000, 0x000000060c000000|100%| O|  |TAMS 0x000000060c000000, 0x000000060be00000| Untracked 
|  15|0x000000060c000000, 0x000000060c200000, 0x000000060c200000|100%| O|  |TAMS 0x000000060c200000, 0x000000060c000000| Untracked 
|  16|0x000000060c200000, 0x000000060c400000, 0x000000060c400000|100%| O|  |TAMS 0x000000060c285000, 0x000000060c200000| Untracked 
|  17|0x000000060c400000, 0x000000060c600000, 0x000000060c600000|100%| O|  |TAMS 0x000000060c400000, 0x000000060c400000| Untracked 
|  18|0x000000060c600000, 0x000000060c800000, 0x000000060c800000|100%| O|  |TAMS 0x000000060c600000, 0x000000060c600000| Untracked 
|  19|0x000000060c800000, 0x000000060ca00000, 0x000000060ca00000|100%| O|  |TAMS 0x000000060c800000, 0x000000060c800000| Untracked 
|  20|0x000000060ca00000, 0x000000060cc00000, 0x000000060cc00000|100%| O|  |TAMS 0x000000060ca00000, 0x000000060ca00000| Untracked 
|  21|0x000000060cc00000, 0x000000060ce00000, 0x000000060ce00000|100%|HS|  |TAMS 0x000000060cc00000, 0x000000060cc00000| Complete 
|  22|0x000000060ce00000, 0x000000060d000000, 0x000000060d000000|100%|HC|  |TAMS 0x000000060ce00000, 0x000000060ce00000| Complete 
|  23|0x000000060d000000, 0x000000060d200000, 0x000000060d200000|100%|HC|  |TAMS 0x000000060d000000, 0x000000060d000000| Complete 
|  24|0x000000060d200000, 0x000000060d400000, 0x000000060d400000|100%|HC|  |TAMS 0x000000060d200000, 0x000000060d200000| Complete 
|  25|0x000000060d400000, 0x000000060d600000, 0x000000060d600000|100%|HC|  |TAMS 0x000000060d400000, 0x000000060d400000| Complete 
|  26|0x000000060d600000, 0x000000060d800000, 0x000000060d800000|100%|HC|  |TAMS 0x000000060d600000, 0x000000060d600000| Complete 
|  27|0x000000060d800000, 0x000000060da00000, 0x000000060da00000|100%|HC|  |TAMS 0x000000060d800000, 0x000000060d800000| Complete 
|  28|0x000000060da00000, 0x000000060dc00000, 0x000000060dc00000|100%|HC|  |TAMS 0x000000060da00000, 0x000000060da00000| Complete 
|  29|0x000000060dc00000, 0x000000060de00000, 0x000000060de00000|100%|HC|  |TAMS 0x000000060dc00000, 0x000000060dc00000| Complete 
|  30|0x000000060de00000, 0x000000060de00000, 0x000000060e000000|  0%| F|  |TAMS 0x000000060de00000, 0x000000060de00000| Untracked 
|  31|0x000000060e000000, 0x000000060e000000, 0x000000060e200000|  0%| F|  |TAMS 0x000000060e000000, 0x000000060e000000| Untracked 
|  32|0x000000060e200000, 0x000000060e200000, 0x000000060e400000|  0%| F|  |TAMS 0x000000060e200000, 0x000000060e200000| Untracked 
|  33|0x000000060e400000, 0x000000060e400000, 0x000000060e600000|  0%| F|  |TAMS 0x000000060e400000, 0x000000060e400000| Untracked 
|  34|0x000000060e600000, 0x000000060e600000, 0x000000060e800000|  0%| F|  |TAMS 0x000000060e600000, 0x000000060e600000| Untracked 
|  35|0x000000060e800000, 0x000000060e800000, 0x000000060ea00000|  0%| F|  |TAMS 0x000000060e800000, 0x000000060e800000| Untracked 
|  36|0x000000060ea00000, 0x000000060ea00000, 0x000000060ec00000|  0%| F|  |TAMS 0x000000060ea00000, 0x000000060ea00000| Untracked 
|  37|0x000000060ec00000, 0x000000060ec00000, 0x000000060ee00000|  0%| F|  |TAMS 0x000000060ec00000, 0x000000060ec00000| Untracked 
|  38|0x000000060ee00000, 0x000000060ee00000, 0x000000060f000000|  0%| F|  |TAMS 0x000000060ee00000, 0x000000060ee00000| Untracked 
|  39|0x000000060f000000, 0x000000060f000000, 0x000000060f200000|  0%| F|  |TAMS 0x000000060f000000, 0x000000060f000000| Untracked 
|  40|0x000000060f200000, 0x000000060f200000, 0x000000060f400000|  0%| F|  |TAMS 0x000000060f200000, 0x000000060f200000| Untracked 
|  41|0x000000060f400000, 0x000000060f400000, 0x000000060f600000|  0%| F|  |TAMS 0x000000060f400000, 0x000000060f400000| Untracked 
|  42|0x000000060f600000, 0x000000060f600000, 0x000000060f800000|  0%| F|  |TAMS 0x000000060f600000, 0x000000060f600000| Untracked 
|  43|0x000000060f800000, 0x000000060f800000, 0x000000060fa00000|  0%| F|  |TAMS 0x000000060f800000, 0x000000060f800000| Untracked 
|  44|0x000000060fa00000, 0x000000060fa00000, 0x000000060fc00000|  0%| F|  |TAMS 0x000000060fa00000, 0x000000060fa00000| Untracked 
|  45|0x000000060fc00000, 0x000000060fc00000, 0x000000060fe00000|  0%| F|  |TAMS 0x000000060fc00000, 0x000000060fc00000| Untracked 
|  46|0x000000060fe00000, 0x000000060fe00000, 0x0000000610000000|  0%| F|  |TAMS 0x000000060fe00000, 0x000000060fe00000| Untracked 
|  47|0x0000000610000000, 0x0000000610000000, 0x0000000610200000|  0%| F|  |TAMS 0x0000000610000000, 0x0000000610000000| Untracked 
|  48|0x0000000610200000, 0x0000000610200000, 0x0000000610400000|  0%| F|  |TAMS 0x0000000610200000, 0x0000000610200000| Untracked 
|  49|0x0000000610400000, 0x0000000610400000, 0x0000000610600000|  0%| F|  |TAMS 0x0000000610400000, 0x0000000610400000| Untracked 
|  50|0x0000000610600000, 0x0000000610600000, 0x0000000610800000|  0%| F|  |TAMS 0x0000000610600000, 0x0000000610600000| Untracked 
|  51|0x0000000610800000, 0x0000000610800000, 0x0000000610a00000|  0%| F|  |TAMS 0x0000000610800000, 0x0000000610800000| Untracked 
|  52|0x0000000610a00000, 0x0000000610a00000, 0x0000000610c00000|  0%| F|  |TAMS 0x0000000610a00000, 0x0000000610a00000| Untracked 
|  53|0x0000000610c00000, 0x0000000610c00000, 0x0000000610e00000|  0%| F|  |TAMS 0x0000000610c00000, 0x0000000610c00000| Untracked 
|  54|0x0000000610e00000, 0x0000000610e00000, 0x0000000611000000|  0%| F|  |TAMS 0x0000000610e00000, 0x0000000610e00000| Untracked 
|  55|0x0000000611000000, 0x0000000611000000, 0x0000000611200000|  0%| F|  |TAMS 0x0000000611000000, 0x0000000611000000| Untracked 
|  56|0x0000000611200000, 0x0000000611200000, 0x0000000611400000|  0%| F|  |TAMS 0x0000000611200000, 0x0000000611200000| Untracked 
|  57|0x0000000611400000, 0x0000000611400000, 0x0000000611600000|  0%| F|  |TAMS 0x0000000611400000, 0x0000000611400000| Untracked 
|  58|0x0000000611600000, 0x0000000611600000, 0x0000000611800000|  0%| F|  |TAMS 0x0000000611600000, 0x0000000611600000| Untracked 
|  59|0x0000000611800000, 0x0000000611800000, 0x0000000611a00000|  0%| F|  |TAMS 0x0000000611800000, 0x0000000611800000| Untracked 
|  60|0x0000000611a00000, 0x0000000611a00000, 0x0000000611c00000|  0%| F|  |TAMS 0x0000000611a00000, 0x0000000611a00000| Untracked 
|  61|0x0000000611c00000, 0x0000000611c00000, 0x0000000611e00000|  0%| F|  |TAMS 0x0000000611c00000, 0x0000000611c00000| Untracked 
|  62|0x0000000611e00000, 0x0000000611e00000, 0x0000000612000000|  0%| F|  |TAMS 0x0000000611e00000, 0x0000000611e00000| Untracked 
|  63|0x0000000612000000, 0x0000000612000000, 0x0000000612200000|  0%| F|  |TAMS 0x0000000612000000, 0x0000000612000000| Untracked 
|  64|0x0000000612200000, 0x0000000612200000, 0x0000000612400000|  0%| F|  |TAMS 0x0000000612200000, 0x0000000612200000| Untracked 
|  65|0x0000000612400000, 0x0000000612400000, 0x0000000612600000|  0%| F|  |TAMS 0x0000000612400000, 0x0000000612400000| Untracked 
|  66|0x0000000612600000, 0x0000000612600000, 0x0000000612800000|  0%| F|  |TAMS 0x0000000612600000, 0x0000000612600000| Untracked 
|  67|0x0000000612800000, 0x0000000612800000, 0x0000000612a00000|  0%| F|  |TAMS 0x0000000612800000, 0x0000000612800000| Untracked 
|  68|0x0000000612a00000, 0x0000000612a00000, 0x0000000612c00000|  0%| F|  |TAMS 0x0000000612a00000, 0x0000000612a00000| Untracked 
|  69|0x0000000612c00000, 0x0000000612c00000, 0x0000000612e00000|  0%| F|  |TAMS 0x0000000612c00000, 0x0000000612c00000| Untracked 
|  70|0x0000000612e00000, 0x0000000612e00000, 0x0000000613000000|  0%| F|  |TAMS 0x0000000612e00000, 0x0000000612e00000| Untracked 
|  71|0x0000000613000000, 0x0000000613000000, 0x0000000613200000|  0%| F|  |TAMS 0x0000000613000000, 0x0000000613000000| Untracked 
|  72|0x0000000613200000, 0x0000000613200000, 0x0000000613400000|  0%| F|  |TAMS 0x0000000613200000, 0x0000000613200000| Untracked 
|  73|0x0000000613400000, 0x0000000613400000, 0x0000000613600000|  0%| F|  |TAMS 0x0000000613400000, 0x0000000613400000| Untracked 
|  74|0x0000000613600000, 0x0000000613600000, 0x0000000613800000|  0%| F|  |TAMS 0x0000000613600000, 0x0000000613600000| Untracked 
|  75|0x0000000613800000, 0x0000000613800000, 0x0000000613a00000|  0%| F|  |TAMS 0x0000000613800000, 0x0000000613800000| Untracked 
|  76|0x0000000613a00000, 0x0000000613a00000, 0x0000000613c00000|  0%| F|  |TAMS 0x0000000613a00000, 0x0000000613a00000| Untracked 
|  77|0x0000000613c00000, 0x0000000613c00000, 0x0000000613e00000|  0%| F|  |TAMS 0x0000000613c00000, 0x0000000613c00000| Untracked 
|  78|0x0000000613e00000, 0x0000000613e00000, 0x0000000614000000|  0%| F|  |TAMS 0x0000000613e00000, 0x0000000613e00000| Untracked 
|  79|0x0000000614000000, 0x0000000614000000, 0x0000000614200000|  0%| F|  |TAMS 0x0000000614000000, 0x0000000614000000| Untracked 
|  80|0x0000000614200000, 0x0000000614200000, 0x0000000614400000|  0%| F|  |TAMS 0x0000000614200000, 0x0000000614200000| Untracked 
|  81|0x0000000614400000, 0x0000000614400000, 0x0000000614600000|  0%| F|  |TAMS 0x0000000614400000, 0x0000000614400000| Untracked 
|  82|0x0000000614600000, 0x0000000614600000, 0x0000000614800000|  0%| F|  |TAMS 0x0000000614600000, 0x0000000614600000| Untracked 
|  83|0x0000000614800000, 0x0000000614800000, 0x0000000614a00000|  0%| F|  |TAMS 0x0000000614800000, 0x0000000614800000| Untracked 
|  84|0x0000000614a00000, 0x0000000614a00000, 0x0000000614c00000|  0%| F|  |TAMS 0x0000000614a00000, 0x0000000614a00000| Untracked 
|  85|0x0000000614c00000, 0x0000000614c00000, 0x0000000614e00000|  0%| F|  |TAMS 0x0000000614c00000, 0x0000000614c00000| Untracked 
|  86|0x0000000614e00000, 0x0000000614e00000, 0x0000000615000000|  0%| F|  |TAMS 0x0000000614e00000, 0x0000000614e00000| Untracked 
|  87|0x0000000615000000, 0x0000000615000000, 0x0000000615200000|  0%| F|  |TAMS 0x0000000615000000, 0x0000000615000000| Untracked 
|  88|0x0000000615200000, 0x0000000615200000, 0x0000000615400000|  0%| F|  |TAMS 0x0000000615200000, 0x0000000615200000| Untracked 
|  89|0x0000000615400000, 0x0000000615400000, 0x0000000615600000|  0%| F|  |TAMS 0x0000000615400000, 0x0000000615400000| Untracked 
|  90|0x0000000615600000, 0x0000000615600000, 0x0000000615800000|  0%| F|  |TAMS 0x0000000615600000, 0x0000000615600000| Untracked 
|  91|0x0000000615800000, 0x0000000615800000, 0x0000000615a00000|  0%| F|  |TAMS 0x0000000615800000, 0x0000000615800000| Untracked 
|  92|0x0000000615a00000, 0x0000000615a00000, 0x0000000615c00000|  0%| F|  |TAMS 0x0000000615a00000, 0x0000000615a00000| Untracked 
|  93|0x0000000615c00000, 0x0000000615c00000, 0x0000000615e00000|  0%| F|  |TAMS 0x0000000615c00000, 0x0000000615c00000| Untracked 
|  94|0x0000000615e00000, 0x0000000615e00000, 0x0000000616000000|  0%| F|  |TAMS 0x0000000615e00000, 0x0000000615e00000| Untracked 
|  95|0x0000000616000000, 0x0000000616000000, 0x0000000616200000|  0%| F|  |TAMS 0x0000000616000000, 0x0000000616000000| Untracked 
|  96|0x0000000616200000, 0x0000000616200000, 0x0000000616400000|  0%| F|  |TAMS 0x0000000616200000, 0x0000000616200000| Untracked 
|  97|0x0000000616400000, 0x0000000616400000, 0x0000000616600000|  0%| F|  |TAMS 0x0000000616400000, 0x0000000616400000| Untracked 
|  98|0x0000000616600000, 0x0000000616600000, 0x0000000616800000|  0%| F|  |TAMS 0x0000000616600000, 0x0000000616600000| Untracked 
|  99|0x0000000616800000, 0x0000000616800000, 0x0000000616a00000|  0%| F|  |TAMS 0x0000000616800000, 0x0000000616800000| Untracked 
| 100|0x0000000616a00000, 0x0000000616a00000, 0x0000000616c00000|  0%| F|  |TAMS 0x0000000616a00000, 0x0000000616a00000| Untracked 
| 101|0x0000000616c00000, 0x0000000616c00000, 0x0000000616e00000|  0%| F|  |TAMS 0x0000000616c00000, 0x0000000616c00000| Untracked 
| 102|0x0000000616e00000, 0x0000000616e00000, 0x0000000617000000|  0%| F|  |TAMS 0x0000000616e00000, 0x0000000616e00000| Untracked 
| 103|0x0000000617000000, 0x0000000617000000, 0x0000000617200000|  0%| F|  |TAMS 0x0000000617000000, 0x0000000617000000| Untracked 
| 104|0x0000000617200000, 0x0000000617200000, 0x0000000617400000|  0%| F|  |TAMS 0x0000000617200000, 0x0000000617200000| Untracked 
| 105|0x0000000617400000, 0x0000000617400000, 0x0000000617600000|  0%| F|  |TAMS 0x0000000617400000, 0x0000000617400000| Untracked 
| 106|0x0000000617600000, 0x0000000617600000, 0x0000000617800000|  0%| F|  |TAMS 0x0000000617600000, 0x0000000617600000| Untracked 
| 107|0x0000000617800000, 0x0000000617800000, 0x0000000617a00000|  0%| F|  |TAMS 0x0000000617800000, 0x0000000617800000| Untracked 
| 108|0x0000000617a00000, 0x0000000617a00000, 0x0000000617c00000|  0%| F|  |TAMS 0x0000000617a00000, 0x0000000617a00000| Untracked 
| 109|0x0000000617c00000, 0x0000000617c00000, 0x0000000617e00000|  0%| F|  |TAMS 0x0000000617c00000, 0x0000000617c00000| Untracked 
| 110|0x0000000617e00000, 0x0000000617e00000, 0x0000000618000000|  0%| F|  |TAMS 0x0000000617e00000, 0x0000000617e00000| Untracked 
| 111|0x0000000618000000, 0x0000000618000000, 0x0000000618200000|  0%| F|  |TAMS 0x0000000618000000, 0x0000000618000000| Untracked 
| 112|0x0000000618200000, 0x0000000618200000, 0x0000000618400000|  0%| F|  |TAMS 0x0000000618200000, 0x0000000618200000| Untracked 
| 113|0x0000000618400000, 0x0000000618400000, 0x0000000618600000|  0%| F|  |TAMS 0x0000000618400000, 0x0000000618400000| Untracked 
| 114|0x0000000618600000, 0x0000000618600000, 0x0000000618800000|  0%| F|  |TAMS 0x0000000618600000, 0x0000000618600000| Untracked 
| 115|0x0000000618800000, 0x0000000618800000, 0x0000000618a00000|  0%| F|  |TAMS 0x0000000618800000, 0x0000000618800000| Untracked 
| 116|0x0000000618a00000, 0x0000000618a00000, 0x0000000618c00000|  0%| F|  |TAMS 0x0000000618a00000, 0x0000000618a00000| Untracked 
| 117|0x0000000618c00000, 0x0000000618c00000, 0x0000000618e00000|  0%| F|  |TAMS 0x0000000618c00000, 0x0000000618c00000| Untracked 
| 118|0x0000000618e00000, 0x0000000618e00000, 0x0000000619000000|  0%| F|  |TAMS 0x0000000618e00000, 0x0000000618e00000| Untracked 
| 119|0x0000000619000000, 0x0000000619000000, 0x0000000619200000|  0%| F|  |TAMS 0x0000000619000000, 0x0000000619000000| Untracked 
| 120|0x0000000619200000, 0x0000000619200000, 0x0000000619400000|  0%| F|  |TAMS 0x0000000619200000, 0x0000000619200000| Untracked 
| 121|0x0000000619400000, 0x0000000619400000, 0x0000000619600000|  0%| F|  |TAMS 0x0000000619400000, 0x0000000619400000| Untracked 
| 122|0x0000000619600000, 0x0000000619600000, 0x0000000619800000|  0%| F|  |TAMS 0x0000000619600000, 0x0000000619600000| Untracked 
| 123|0x0000000619800000, 0x0000000619800000, 0x0000000619a00000|  0%| F|  |TAMS 0x0000000619800000, 0x0000000619800000| Untracked 
| 124|0x0000000619a00000, 0x0000000619a00000, 0x0000000619c00000|  0%| F|  |TAMS 0x0000000619a00000, 0x0000000619a00000| Untracked 
| 125|0x0000000619c00000, 0x0000000619c00000, 0x0000000619e00000|  0%| F|  |TAMS 0x0000000619c00000, 0x0000000619c00000| Untracked 
| 126|0x0000000619e00000, 0x0000000619e00000, 0x000000061a000000|  0%| F|  |TAMS 0x0000000619e00000, 0x0000000619e00000| Untracked 
| 127|0x000000061a000000, 0x000000061a000000, 0x000000061a200000|  0%| F|  |TAMS 0x000000061a000000, 0x000000061a000000| Untracked 
| 128|0x000000061a200000, 0x000000061a200000, 0x000000061a400000|  0%| F|  |TAMS 0x000000061a200000, 0x000000061a200000| Untracked 
| 129|0x000000061a400000, 0x000000061a400000, 0x000000061a600000|  0%| F|  |TAMS 0x000000061a400000, 0x000000061a400000| Untracked 
| 130|0x000000061a600000, 0x000000061a600000, 0x000000061a800000|  0%| F|  |TAMS 0x000000061a600000, 0x000000061a600000| Untracked 
| 131|0x000000061a800000, 0x000000061a800000, 0x000000061aa00000|  0%| F|  |TAMS 0x000000061a800000, 0x000000061a800000| Untracked 
| 132|0x000000061aa00000, 0x000000061aa00000, 0x000000061ac00000|  0%| F|  |TAMS 0x000000061aa00000, 0x000000061aa00000| Untracked 
| 133|0x000000061ac00000, 0x000000061ac00000, 0x000000061ae00000|  0%| F|  |TAMS 0x000000061ac00000, 0x000000061ac00000| Untracked 
| 134|0x000000061ae00000, 0x000000061ae00000, 0x000000061b000000|  0%| F|  |TAMS 0x000000061ae00000, 0x000000061ae00000| Untracked 
| 135|0x000000061b000000, 0x000000061b000000, 0x000000061b200000|  0%| F|  |TAMS 0x000000061b000000, 0x000000061b000000| Untracked 
| 136|0x000000061b200000, 0x000000061b200000, 0x000000061b400000|  0%| F|  |TAMS 0x000000061b200000, 0x000000061b200000| Untracked 
| 137|0x000000061b400000, 0x000000061b400000, 0x000000061b600000|  0%| F|  |TAMS 0x000000061b400000, 0x000000061b400000| Untracked 
| 138|0x000000061b600000, 0x000000061b600000, 0x000000061b800000|  0%| F|  |TAMS 0x000000061b600000, 0x000000061b600000| Untracked 
| 139|0x000000061b800000, 0x000000061b800000, 0x000000061ba00000|  0%| F|  |TAMS 0x000000061b800000, 0x000000061b800000| Untracked 
| 140|0x000000061ba00000, 0x000000061ba00000, 0x000000061bc00000|  0%| F|  |TAMS 0x000000061ba00000, 0x000000061ba00000| Untracked 
| 141|0x000000061bc00000, 0x000000061bc00000, 0x000000061be00000|  0%| F|  |TAMS 0x000000061bc00000, 0x000000061bc00000| Untracked 
| 142|0x000000061be00000, 0x000000061be00000, 0x000000061c000000|  0%| F|  |TAMS 0x000000061be00000, 0x000000061be00000| Untracked 
| 143|0x000000061c000000, 0x000000061c000000, 0x000000061c200000|  0%| F|  |TAMS 0x000000061c000000, 0x000000061c000000| Untracked 
| 144|0x000000061c200000, 0x000000061c200000, 0x000000061c400000|  0%| F|  |TAMS 0x000000061c200000, 0x000000061c200000| Untracked 
| 145|0x000000061c400000, 0x000000061c400000, 0x000000061c600000|  0%| F|  |TAMS 0x000000061c400000, 0x000000061c400000| Untracked 
| 146|0x000000061c600000, 0x000000061c600000, 0x000000061c800000|  0%| F|  |TAMS 0x000000061c600000, 0x000000061c600000| Untracked 
| 147|0x000000061c800000, 0x000000061c800000, 0x000000061ca00000|  0%| F|  |TAMS 0x000000061c800000, 0x000000061c800000| Untracked 
| 148|0x000000061ca00000, 0x000000061ca00000, 0x000000061cc00000|  0%| F|  |TAMS 0x000000061ca00000, 0x000000061ca00000| Untracked 
| 149|0x000000061cc00000, 0x000000061cc00000, 0x000000061ce00000|  0%| F|  |TAMS 0x000000061cc00000, 0x000000061cc00000| Untracked 
| 150|0x000000061ce00000, 0x000000061ce00000, 0x000000061d000000|  0%| F|  |TAMS 0x000000061ce00000, 0x000000061ce00000| Untracked 
| 151|0x000000061d000000, 0x000000061d000000, 0x000000061d200000|  0%| F|  |TAMS 0x000000061d000000, 0x000000061d000000| Untracked 
| 152|0x000000061d200000, 0x000000061d200000, 0x000000061d400000|  0%| F|  |TAMS 0x000000061d200000, 0x000000061d200000| Untracked 
| 153|0x000000061d400000, 0x000000061d400000, 0x000000061d600000|  0%| F|  |TAMS 0x000000061d400000, 0x000000061d400000| Untracked 
| 154|0x000000061d600000, 0x000000061d600000, 0x000000061d800000|  0%| F|  |TAMS 0x000000061d600000, 0x000000061d600000| Untracked 
| 155|0x000000061d800000, 0x000000061d800000, 0x000000061da00000|  0%| F|  |TAMS 0x000000061d800000, 0x000000061d800000| Untracked 
| 156|0x000000061da00000, 0x000000061da00000, 0x000000061dc00000|  0%| F|  |TAMS 0x000000061da00000, 0x000000061da00000| Untracked 
| 157|0x000000061dc00000, 0x000000061dc00000, 0x000000061de00000|  0%| F|  |TAMS 0x000000061dc00000, 0x000000061dc00000| Untracked 
| 158|0x000000061de00000, 0x000000061de00000, 0x000000061e000000|  0%| F|  |TAMS 0x000000061de00000, 0x000000061de00000| Untracked 
| 159|0x000000061e000000, 0x000000061e000000, 0x000000061e200000|  0%| F|  |TAMS 0x000000061e000000, 0x000000061e000000| Untracked 
| 160|0x000000061e200000, 0x000000061e200000, 0x000000061e400000|  0%| F|  |TAMS 0x000000061e200000, 0x000000061e200000| Untracked 
| 161|0x000000061e400000, 0x000000061e400000, 0x000000061e600000|  0%| F|  |TAMS 0x000000061e400000, 0x000000061e400000| Untracked 
| 162|0x000000061e600000, 0x000000061e600000, 0x000000061e800000|  0%| F|  |TAMS 0x000000061e600000, 0x000000061e600000| Untracked 
| 163|0x000000061e800000, 0x000000061e800000, 0x000000061ea00000|  0%| F|  |TAMS 0x000000061e800000, 0x000000061e800000| Untracked 
| 164|0x000000061ea00000, 0x000000061ea00000, 0x000000061ec00000|  0%| F|  |TAMS 0x000000061ea00000, 0x000000061ea00000| Untracked 
| 165|0x000000061ec00000, 0x000000061ec00000, 0x000000061ee00000|  0%| F|  |TAMS 0x000000061ec00000, 0x000000061ec00000| Untracked 
| 166|0x000000061ee00000, 0x000000061ee00000, 0x000000061f000000|  0%| F|  |TAMS 0x000000061ee00000, 0x000000061ee00000| Untracked 
| 167|0x000000061f000000, 0x000000061f000000, 0x000000061f200000|  0%| F|  |TAMS 0x000000061f000000, 0x000000061f000000| Untracked 
| 168|0x000000061f200000, 0x000000061f200000, 0x000000061f400000|  0%| F|  |TAMS 0x000000061f200000, 0x000000061f200000| Untracked 
| 169|0x000000061f400000, 0x000000061f400000, 0x000000061f600000|  0%| F|  |TAMS 0x000000061f400000, 0x000000061f400000| Untracked 
| 170|0x000000061f600000, 0x000000061f600000, 0x000000061f800000|  0%| F|  |TAMS 0x000000061f600000, 0x000000061f600000| Untracked 
| 171|0x000000061f800000, 0x000000061f800000, 0x000000061fa00000|  0%| F|  |TAMS 0x000000061f800000, 0x000000061f800000| Untracked 
| 172|0x000000061fa00000, 0x000000061fa00000, 0x000000061fc00000|  0%| F|  |TAMS 0x000000061fa00000, 0x000000061fa00000| Untracked 
| 173|0x000000061fc00000, 0x000000061fc00000, 0x000000061fe00000|  0%| F|  |TAMS 0x000000061fc00000, 0x000000061fc00000| Untracked 
| 174|0x000000061fe00000, 0x000000061fe00000, 0x0000000620000000|  0%| F|  |TAMS 0x000000061fe00000, 0x000000061fe00000| Untracked 
| 175|0x0000000620000000, 0x0000000620000000, 0x0000000620200000|  0%| F|  |TAMS 0x0000000620000000, 0x0000000620000000| Untracked 
| 176|0x0000000620200000, 0x0000000620200000, 0x0000000620400000|  0%| F|  |TAMS 0x0000000620200000, 0x0000000620200000| Untracked 
| 177|0x0000000620400000, 0x0000000620400000, 0x0000000620600000|  0%| F|  |TAMS 0x0000000620400000, 0x0000000620400000| Untracked 
| 178|0x0000000620600000, 0x0000000620600000, 0x0000000620800000|  0%| F|  |TAMS 0x0000000620600000, 0x0000000620600000| Untracked 
| 179|0x0000000620800000, 0x0000000620800000, 0x0000000620a00000|  0%| F|  |TAMS 0x0000000620800000, 0x0000000620800000| Untracked 
| 180|0x0000000620a00000, 0x0000000620a00000, 0x0000000620c00000|  0%| F|  |TAMS 0x0000000620a00000, 0x0000000620a00000| Untracked 
| 181|0x0000000620c00000, 0x0000000620c00000, 0x0000000620e00000|  0%| F|  |TAMS 0x0000000620c00000, 0x0000000620c00000| Untracked 
| 182|0x0000000620e00000, 0x0000000620e00000, 0x0000000621000000|  0%| F|  |TAMS 0x0000000620e00000, 0x0000000620e00000| Untracked 
| 183|0x0000000621000000, 0x0000000621000000, 0x0000000621200000|  0%| F|  |TAMS 0x0000000621000000, 0x0000000621000000| Untracked 
| 184|0x0000000621200000, 0x0000000621200000, 0x0000000621400000|  0%| F|  |TAMS 0x0000000621200000, 0x0000000621200000| Untracked 
| 185|0x0000000621400000, 0x0000000621400000, 0x0000000621600000|  0%| F|  |TAMS 0x0000000621400000, 0x0000000621400000| Untracked 
| 186|0x0000000621600000, 0x0000000621600000, 0x0000000621800000|  0%| F|  |TAMS 0x0000000621600000, 0x0000000621600000| Untracked 
| 187|0x0000000621800000, 0x0000000621800000, 0x0000000621a00000|  0%| F|  |TAMS 0x0000000621800000, 0x0000000621800000| Untracked 
| 188|0x0000000621a00000, 0x0000000621a00000, 0x0000000621c00000|  0%| F|  |TAMS 0x0000000621a00000, 0x0000000621a00000| Untracked 
| 189|0x0000000621c00000, 0x0000000621c00000, 0x0000000621e00000|  0%| F|  |TAMS 0x0000000621c00000, 0x0000000621c00000| Untracked 
| 190|0x0000000621e00000, 0x0000000621e00000, 0x0000000622000000|  0%| F|  |TAMS 0x0000000621e00000, 0x0000000621e00000| Untracked 
| 191|0x0000000622000000, 0x0000000622000000, 0x0000000622200000|  0%| F|  |TAMS 0x0000000622000000, 0x0000000622000000| Untracked 
| 192|0x0000000622200000, 0x0000000622200000, 0x0000000622400000|  0%| F|  |TAMS 0x0000000622200000, 0x0000000622200000| Untracked 
| 193|0x0000000622400000, 0x0000000622400000, 0x0000000622600000|  0%| F|  |TAMS 0x0000000622400000, 0x0000000622400000| Untracked 
| 194|0x0000000622600000, 0x0000000622600000, 0x0000000622800000|  0%| F|  |TAMS 0x0000000622600000, 0x0000000622600000| Untracked 
| 195|0x0000000622800000, 0x0000000622800000, 0x0000000622a00000|  0%| F|  |TAMS 0x0000000622800000, 0x0000000622800000| Untracked 
| 196|0x0000000622a00000, 0x0000000622a00000, 0x0000000622c00000|  0%| F|  |TAMS 0x0000000622a00000, 0x0000000622a00000| Untracked 
| 197|0x0000000622c00000, 0x0000000622c00000, 0x0000000622e00000|  0%| F|  |TAMS 0x0000000622c00000, 0x0000000622c00000| Untracked 
| 198|0x0000000622e00000, 0x0000000622e00000, 0x0000000623000000|  0%| F|  |TAMS 0x0000000622e00000, 0x0000000622e00000| Untracked 
| 199|0x0000000623000000, 0x00000006230dec60, 0x0000000623200000| 43%| S|CS|TAMS 0x0000000623000000, 0x0000000623000000| Complete 
| 200|0x0000000623200000, 0x0000000623400000, 0x0000000623400000|100%| S|CS|TAMS 0x0000000623200000, 0x0000000623200000| Complete 
| 201|0x0000000623400000, 0x0000000623600000, 0x0000000623600000|100%| S|CS|TAMS 0x0000000623400000, 0x0000000623400000| Complete 
| 202|0x0000000623600000, 0x0000000623800000, 0x0000000623800000|100%| S|CS|TAMS 0x0000000623600000, 0x0000000623600000| Complete 
| 203|0x0000000623800000, 0x0000000623800000, 0x0000000623a00000|  0%| F|  |TAMS 0x0000000623800000, 0x0000000623800000| Untracked 
| 204|0x0000000623a00000, 0x0000000623a00000, 0x0000000623c00000|  0%| F|  |TAMS 0x0000000623a00000, 0x0000000623a00000| Untracked 
| 205|0x0000000623c00000, 0x0000000623c00000, 0x0000000623e00000|  0%| F|  |TAMS 0x0000000623c00000, 0x0000000623c00000| Untracked 
| 206|0x0000000623e00000, 0x0000000623e00000, 0x0000000624000000|  0%| F|  |TAMS 0x0000000623e00000, 0x0000000623e00000| Untracked 
| 207|0x0000000624000000, 0x0000000624000000, 0x0000000624200000|  0%| F|  |TAMS 0x0000000624000000, 0x0000000624000000| Untracked 
| 208|0x0000000624200000, 0x0000000624200000, 0x0000000624400000|  0%| F|  |TAMS 0x0000000624200000, 0x0000000624200000| Untracked 
| 209|0x0000000624400000, 0x0000000624400000, 0x0000000624600000|  0%| F|  |TAMS 0x0000000624400000, 0x0000000624400000| Untracked 
| 210|0x0000000624600000, 0x0000000624600000, 0x0000000624800000|  0%| F|  |TAMS 0x0000000624600000, 0x0000000624600000| Untracked 
| 211|0x0000000624800000, 0x0000000624800000, 0x0000000624a00000|  0%| F|  |TAMS 0x0000000624800000, 0x0000000624800000| Untracked 
| 212|0x0000000624a00000, 0x0000000624a00000, 0x0000000624c00000|  0%| F|  |TAMS 0x0000000624a00000, 0x0000000624a00000| Untracked 
| 213|0x0000000624c00000, 0x0000000624c00000, 0x0000000624e00000|  0%| F|  |TAMS 0x0000000624c00000, 0x0000000624c00000| Untracked 
| 214|0x0000000624e00000, 0x0000000624e00000, 0x0000000625000000|  0%| F|  |TAMS 0x0000000624e00000, 0x0000000624e00000| Untracked 
| 215|0x0000000625000000, 0x0000000625000000, 0x0000000625200000|  0%| F|  |TAMS 0x0000000625000000, 0x0000000625000000| Untracked 
| 216|0x0000000625200000, 0x0000000625200000, 0x0000000625400000|  0%| F|  |TAMS 0x0000000625200000, 0x0000000625200000| Untracked 
| 217|0x0000000625400000, 0x0000000625400000, 0x0000000625600000|  0%| F|  |TAMS 0x0000000625400000, 0x0000000625400000| Untracked 
| 218|0x0000000625600000, 0x0000000625600000, 0x0000000625800000|  0%| F|  |TAMS 0x0000000625600000, 0x0000000625600000| Untracked 
| 219|0x0000000625800000, 0x0000000625900800, 0x0000000625a00000| 50%| E|  |TAMS 0x0000000625800000, 0x0000000625800000| Complete 
| 220|0x0000000625a00000, 0x0000000625c00000, 0x0000000625c00000|100%| E|CS|TAMS 0x0000000625a00000, 0x0000000625a00000| Complete 
| 221|0x0000000625c00000, 0x0000000625e00000, 0x0000000625e00000|100%| E|CS|TAMS 0x0000000625c00000, 0x0000000625c00000| Complete 
| 222|0x0000000625e00000, 0x0000000626000000, 0x0000000626000000|100%| E|CS|TAMS 0x0000000625e00000, 0x0000000625e00000| Complete 
| 223|0x0000000626000000, 0x0000000626200000, 0x0000000626200000|100%| E|CS|TAMS 0x0000000626000000, 0x0000000626000000| Complete 
| 224|0x0000000626200000, 0x0000000626400000, 0x0000000626400000|100%| E|CS|TAMS 0x0000000626200000, 0x0000000626200000| Complete 
| 225|0x0000000626400000, 0x0000000626600000, 0x0000000626600000|100%| E|CS|TAMS 0x0000000626400000, 0x0000000626400000| Complete 
| 226|0x0000000626600000, 0x0000000626800000, 0x0000000626800000|100%| E|CS|TAMS 0x0000000626600000, 0x0000000626600000| Complete 
| 227|0x0000000626800000, 0x0000000626a00000, 0x0000000626a00000|100%| E|CS|TAMS 0x0000000626800000, 0x0000000626800000| Complete 
| 228|0x0000000626a00000, 0x0000000626c00000, 0x0000000626c00000|100%| E|CS|TAMS 0x0000000626a00000, 0x0000000626a00000| Complete 
| 229|0x0000000626c00000, 0x0000000626e00000, 0x0000000626e00000|100%| E|CS|TAMS 0x0000000626c00000, 0x0000000626c00000| Complete 
| 230|0x0000000626e00000, 0x0000000627000000, 0x0000000627000000|100%| E|CS|TAMS 0x0000000626e00000, 0x0000000626e00000| Complete 
| 231|0x0000000627000000, 0x0000000627200000, 0x0000000627200000|100%| E|CS|TAMS 0x0000000627000000, 0x0000000627000000| Complete 
| 232|0x0000000627200000, 0x0000000627400000, 0x0000000627400000|100%| E|CS|TAMS 0x0000000627200000, 0x0000000627200000| Complete 
| 233|0x0000000627400000, 0x0000000627600000, 0x0000000627600000|100%| E|CS|TAMS 0x0000000627400000, 0x0000000627400000| Complete 
| 234|0x0000000627600000, 0x0000000627800000, 0x0000000627800000|100%| E|CS|TAMS 0x0000000627600000, 0x0000000627600000| Complete 
| 235|0x0000000627800000, 0x0000000627a00000, 0x0000000627a00000|100%| E|CS|TAMS 0x0000000627800000, 0x0000000627800000| Complete 
| 236|0x0000000627a00000, 0x0000000627c00000, 0x0000000627c00000|100%| E|CS|TAMS 0x0000000627a00000, 0x0000000627a00000| Complete 
| 237|0x0000000627c00000, 0x0000000627e00000, 0x0000000627e00000|100%| E|CS|TAMS 0x0000000627c00000, 0x0000000627c00000| Complete 
| 238|0x0000000627e00000, 0x0000000628000000, 0x0000000628000000|100%| E|CS|TAMS 0x0000000627e00000, 0x0000000627e00000| Complete 
| 239|0x0000000628000000, 0x0000000628200000, 0x0000000628200000|100%| E|CS|TAMS 0x0000000628000000, 0x0000000628000000| Complete 
| 240|0x0000000628200000, 0x0000000628400000, 0x0000000628400000|100%| E|CS|TAMS 0x0000000628200000, 0x0000000628200000| Complete 
| 241|0x0000000628400000, 0x0000000628600000, 0x0000000628600000|100%| E|CS|TAMS 0x0000000628400000, 0x0000000628400000| Complete 
| 242|0x0000000628600000, 0x0000000628800000, 0x0000000628800000|100%| E|  |TAMS 0x0000000628600000, 0x0000000628600000| Complete 
| 243|0x0000000628800000, 0x0000000628a00000, 0x0000000628a00000|100%| E|CS|TAMS 0x0000000628800000, 0x0000000628800000| Complete 
| 244|0x0000000628a00000, 0x0000000628c00000, 0x0000000628c00000|100%| E|CS|TAMS 0x0000000628a00000, 0x0000000628a00000| Complete 
| 245|0x0000000628c00000, 0x0000000628e00000, 0x0000000628e00000|100%| E|CS|TAMS 0x0000000628c00000, 0x0000000628c00000| Complete 
| 246|0x0000000628e00000, 0x0000000629000000, 0x0000000629000000|100%| E|CS|TAMS 0x0000000628e00000, 0x0000000628e00000| Complete 
| 247|0x0000000629000000, 0x0000000629200000, 0x0000000629200000|100%| E|CS|TAMS 0x0000000629000000, 0x0000000629000000| Complete 
| 248|0x0000000629200000, 0x0000000629400000, 0x0000000629400000|100%| E|CS|TAMS 0x0000000629200000, 0x0000000629200000| Complete 
| 249|0x0000000629400000, 0x0000000629600000, 0x0000000629600000|100%| E|CS|TAMS 0x0000000629400000, 0x0000000629400000| Complete 
| 250|0x0000000629600000, 0x0000000629800000, 0x0000000629800000|100%| E|CS|TAMS 0x0000000629600000, 0x0000000629600000| Complete 

Card table byte_map: [0x000000001b900000,0x000000001c8b0000] _byte_map_base: 0x00000000188af000

Marking Bits (Prev, Next): (CMBitMap*) 0x0000000002c23c78, (CMBitMap*) 0x0000000002c23cb0
 Prev Bits: [0x000000001d860000, 0x00000000255d8000)
 Next Bits: [0x00000000255e0000, 0x000000002d358000)

Polling page: 0x00000000004b0000

Metaspace:

Usage:
  Non-class:     37.33 MB capacity,    36.83 MB ( 99%) used,   401.48 KB (  1%) free+waste,   104.75 KB ( <1%) overhead. 
      Class:      4.83 MB capacity,     4.53 MB ( 94%) used,   260.56 KB (  5%) free+waste,    47.81 KB ( <1%) overhead. 
       Both:     42.15 MB capacity,    41.36 MB ( 98%) used,   662.05 KB (  2%) free+waste,   152.56 KB ( <1%) overhead. 

Virtual space:
  Non-class space:       38.00 MB reserved,      37.45 MB ( 99%) committed 
      Class space:        1.00 GB reserved,       4.88 MB ( <1%) committed 
             Both:        1.04 GB reserved,      42.32 MB (  4%) committed 

Chunk freelists:
   Non-Class:  62.00 KB
       Class:  18.00 KB
        Both:  80.00 KB

MaxMetaspaceSize: 17179869184.00 GB
CompressedClassSpaceSize: 1.00 GB
Initial GC threshold: 20.80 MB
Current GC threshold: 58.88 MB
CDS: off

CodeHeap 'non-profiled nmethods': size=120000Kb used=4115Kb max_used=4115Kb free=115885Kb
 bounds [0x0000000012db0000, 0x00000000131c0000, 0x000000001a2e0000]
CodeHeap 'profiled nmethods': size=120000Kb used=10106Kb max_used=10106Kb free=109893Kb
 bounds [0x000000000b880000, 0x000000000c260000, 0x0000000012db0000]
CodeHeap 'non-nmethods': size=5760Kb used=1283Kb max_used=1328Kb free=4477Kb
 bounds [0x000000000b2e0000, 0x000000000b550000, 0x000000000b880000]
 total_blobs=4572 nmethods=4002 adapters=481
 compilation: enabled
              stopped_count=0, restarted_count=0
 full_count=0

Compilation events (20 events):
Event: 34.874 Thread 0x0000000030ec4800 nmethod 4014 0x00000000131b3090 code [0x00000000131b3240, 0x00000000131b32f8]
Event: 34.887 Thread 0x0000000030ea9800 4015       4       jdk.internal.ref.PhantomCleanable::clean (16 bytes)
Event: 34.897 Thread 0x0000000030ec4800 4016       3       org.aspectj.apache.bcel.generic.CodeExceptionGen::setStartPC (15 bytes)
Event: 34.897 Thread 0x0000000030ec4800 nmethod 4016 0x000000000c255f10 code [0x000000000c256100, 0x000000000c2565f8]
Event: 34.898 Thread 0x0000000030ec4800 4017       3       org.aspectj.apache.bcel.generic.CodeExceptionGen::setEndPC (15 bytes)
Event: 34.898 Thread 0x0000000030ec4800 nmethod 4017 0x000000000c256810 code [0x000000000c256a00, 0x000000000c256ef8]
Event: 34.898 Thread 0x0000000030ec4800 4019       3       jdk.internal.loader.BuiltinClassLoader::getAndVerifyPackage (109 bytes)
Event: 34.900 Thread 0x0000000030ec4800 nmethod 4019 0x000000000c257110 code [0x000000000c257500, 0x000000000c259028]
Event: 34.900 Thread 0x0000000030ec4800 4020       3       java.lang.ClassLoader::getDefinedPackage (35 bytes)
Event: 34.901 Thread 0x0000000030ec4800 nmethod 4020 0x000000000c259910 code [0x000000000c259b00, 0x000000000c25a108]
Event: 34.901 Thread 0x0000000030ec4800 4021       3       org.aspectj.weaver.World::resolve (7 bytes)
Event: 34.901 Thread 0x0000000030ec4800 nmethod 4021 0x000000000c25a310 code [0x000000000c25a4c0, 0x000000000c25a688]
Event: 34.901 Thread 0x0000000030ec4800 4018       3       org.aspectj.apache.bcel.generic.CodeExceptionGen::setHandlerPC (15 bytes)
Event: 34.902 Thread 0x0000000030ec4800 nmethod 4018 0x000000000c25a710 code [0x000000000c25a900, 0x000000000c25adf8]
Event: 34.903 Thread 0x0000000030ec4800 4022       3       java.lang.ClassLoader::definePackage (84 bytes)
Event: 34.904 Thread 0x0000000030ec4800 nmethod 4022 0x000000000c25b010 code [0x000000000c25b320, 0x000000000c25c5b8]
Event: 34.904 Thread 0x0000000030ec4800 4024   !   3       jdk.internal.loader.BuiltinClassLoader::findResource (154 bytes)
Event: 34.906 Thread 0x0000000030ec4800 nmethod 4024 0x000000000c25cb10 code [0x000000000c25ce80, 0x000000000c25e328]
Event: 34.909 Thread 0x0000000030ea9800 nmethod 4015 0x00000000131b3390 code [0x00000000131b3580, 0x00000000131b4648]
Event: 34.909 Thread 0x0000000030ea9800 4023       4       org.aspectj.weaver.AbstractReferenceTypeDelegate::setSourcefilename (133 bytes)

GC Heap History (12 events):
Event: 1.704 GC heap before
{Heap before GC invocations=0 (full 0):
 garbage-first heap   total 514048K, used 24576K [0x000000060a200000, 0x0000000800000000)
  region size 2048K, 12 young (24576K), 0 survivors (0K)
 Metaspace       used 10325K, capacity 10469K, committed 10496K, reserved 1058816K
  class space    used 949K, capacity 1022K, committed 1024K, reserved 1048576K
}
Event: 1.711 GC heap after
{Heap after GC invocations=1 (full 0):
 garbage-first heap   total 514048K, used 5148K [0x000000060a200000, 0x0000000800000000)
  region size 2048K, 2 young (4096K), 2 survivors (4096K)
 Metaspace       used 10325K, capacity 10469K, committed 10496K, reserved 1058816K
  class space    used 949K, capacity 1022K, committed 1024K, reserved 1048576K
}
Event: 8.578 GC heap before
{Heap before GC invocations=1 (full 0):
 garbage-first heap   total 514048K, used 177180K [0x000000060a200000, 0x0000000800000000)
  region size 2048K, 87 young (178176K), 2 survivors (4096K)
 Metaspace       used 20864K, capacity 21152K, committed 21248K, reserved 1069056K
  class space    used 1911K, capacity 2006K, committed 2048K, reserved 1048576K
}
Event: 8.612 GC heap after
{Heap after GC invocations=2 (full 0):
 garbage-first heap   total 514048K, used 20956K [0x000000060a200000, 0x0000000800000000)
  region size 2048K, 10 young (20480K), 10 survivors (20480K)
 Metaspace       used 20864K, capacity 21152K, committed 21248K, reserved 1069056K
  class space    used 1911K, capacity 2006K, committed 2048K, reserved 1048576K
}
Event: 20.919 GC heap before
{Heap before GC invocations=3 (full 0):
 garbage-first heap   total 514048K, used 127452K [0x000000060a200000, 0x0000000800000000)
  region size 2048K, 62 young (126976K), 10 survivors (20480K)
 Metaspace       used 28582K, capacity 29021K, committed 29184K, reserved 1075200K
  class space    used 2810K, capacity 2989K, committed 3072K, reserved 1048576K
}
Event: 20.936 GC heap after
{Heap after GC invocations=4 (full 0):
 garbage-first heap   total 514048K, used 31314K [0x000000060a200000, 0x0000000800000000)
  region size 2048K, 6 young (12288K), 6 survivors (12288K)
 Metaspace       used 28582K, capacity 29021K, committed 29184K, reserved 1075200K
  class space    used 2810K, capacity 2989K, committed 3072K, reserved 1048576K
}
Event: 25.316 GC heap before
{Heap before GC invocations=4 (full 0):
 garbage-first heap   total 514048K, used 152146K [0x000000060a200000, 0x0000000800000000)
  region size 2048K, 65 young (133120K), 6 survivors (12288K)
 Metaspace       used 35044K, capacity 35547K, committed 35840K, reserved 1081344K
  class space    used 3622K, capacity 3799K, committed 3840K, reserved 1048576K
}
Event: 25.325 GC heap after
{Heap after GC invocations=5 (full 0):
 garbage-first heap   total 514048K, used 42637K [0x000000060a200000, 0x0000000800000000)
  region size 2048K, 9 young (18432K), 9 survivors (18432K)
 Metaspace       used 35044K, capacity 35547K, committed 35840K, reserved 1081344K
  class space    used 3622K, capacity 3799K, committed 3840K, reserved 1048576K
}
Event: 25.507 GC heap before
{Heap before GC invocations=5 (full 0):
 garbage-first heap   total 514048K, used 48781K [0x000000060a200000, 0x0000000800000000)
  region size 2048K, 13 young (26624K), 9 survivors (18432K)
 Metaspace       used 35328K, capacity 35777K, committed 35840K, reserved 1081344K
  class space    used 3660K, capacity 3833K, committed 3840K, reserved 1048576K
}
Event: 25.519 GC heap after
{Heap after GC invocations=6 (full 0):
 garbage-first heap   total 514048K, used 44516K [0x000000060a200000, 0x0000000800000000)
  region size 2048K, 6 young (12288K), 6 survivors (12288K)
 Metaspace       used 35328K, capacity 35777K, committed 35840K, reserved 1081344K
  class space    used 3660K, capacity 3833K, committed 3840K, reserved 1048576K
}
Event: 32.337 GC heap before
{Heap before GC invocations=7 (full 0):
 garbage-first heap   total 514048K, used 130532K [0x000000060a200000, 0x0000000800000000)
  region size 2048K, 48 young (98304K), 6 survivors (12288K)
 Metaspace       used 39212K, capacity 39977K, committed 40140K, reserved 1085440K
  class space    used 4229K, capacity 4539K, committed 4608K, reserved 1048576K
}
Event: 32.345 GC heap after
{Heap after GC invocations=8 (full 0):
 garbage-first heap   total 514048K, used 50043K [0x000000060a200000, 0x0000000800000000)
  region size 2048K, 4 young (8192K), 4 survivors (8192K)
 Metaspace       used 39212K, capacity 39977K, committed 40140K, reserved 1085440K
  class space    used 4229K, capacity 4539K, committed 4608K, reserved 1048576K
}

Deoptimization events (20 events):
Event: 34.858 Thread 0x0000000002b9d800 Uncommon trap: trap_request=0xffffffde fr.pc=0x000000001302a5dc relative=0x000000000000139c
Event: 34.858 Thread 0x0000000002b9d800 Uncommon trap: reason=class_check action=maybe_recompile pc=0x000000001302a5dc method=java.util.concurrent.ConcurrentHashMap.putVal(Ljava/lang/Object;Ljava/lang/Object;Z)Ljava/lang/Object; @ 159 c2
Event: 34.858 Thread 0x0000000002b9d800 DEOPT PACKING pc=0x000000001302a5dc sp=0x000000000237dd30
Event: 34.858 Thread 0x0000000002b9d800 DEOPT UNPACKING pc=0x000000000b32a1af sp=0x000000000237dcc0 mode 2
Event: 34.858 Thread 0x0000000002b9d800 Uncommon trap: trap_request=0xffffffde fr.pc=0x000000001302a5dc relative=0x000000000000139c
Event: 34.858 Thread 0x0000000002b9d800 Uncommon trap: reason=class_check action=maybe_recompile pc=0x000000001302a5dc method=java.util.concurrent.ConcurrentHashMap.putVal(Ljava/lang/Object;Ljava/lang/Object;Z)Ljava/lang/Object; @ 159 c2
Event: 34.858 Thread 0x0000000002b9d800 DEOPT PACKING pc=0x000000001302a5dc sp=0x000000000237dfa0
Event: 34.858 Thread 0x0000000002b9d800 DEOPT UNPACKING pc=0x000000000b32a1af sp=0x000000000237df30 mode 2
Event: 34.858 Thread 0x0000000002b9d800 Uncommon trap: trap_request=0xffffffde fr.pc=0x000000001302a5dc relative=0x000000000000139c
Event: 34.858 Thread 0x0000000002b9d800 Uncommon trap: reason=class_check action=maybe_recompile pc=0x000000001302a5dc method=java.util.concurrent.ConcurrentHashMap.putVal(Ljava/lang/Object;Ljava/lang/Object;Z)Ljava/lang/Object; @ 159 c2
Event: 34.858 Thread 0x0000000002b9d800 DEOPT PACKING pc=0x000000001302a5dc sp=0x000000000237dea0
Event: 34.858 Thread 0x0000000002b9d800 DEOPT UNPACKING pc=0x000000000b32a1af sp=0x000000000237de30 mode 2
Event: 34.898 Thread 0x0000000002b9d800 Uncommon trap: trap_request=0xffffffc6 fr.pc=0x0000000012efae28 relative=0x0000000000005888
Event: 34.898 Thread 0x0000000002b9d800 Uncommon trap: reason=bimorphic_or_optimized_type_check action=maybe_recompile pc=0x0000000012efae28 method=org.aspectj.weaver.World.resolve(Lorg/aspectj/weaver/ResolvedType;)Lorg/aspectj/weaver/ResolvedType; @ 36 c2
Event: 34.898 Thread 0x0000000002b9d800 DEOPT PACKING pc=0x0000000012efae28 sp=0x000000000237b3c0
Event: 34.898 Thread 0x0000000002b9d800 DEOPT UNPACKING pc=0x000000000b32a1af sp=0x000000000237b330 mode 2
Event: 34.924 Thread 0x0000000002b9d800 Uncommon trap: trap_request=0xffffff4d fr.pc=0x000000001300afd0 relative=0x0000000000000290
Event: 34.924 Thread 0x0000000002b9d800 Uncommon trap: reason=unstable_if action=reinterpret pc=0x000000001300afd0 method=java.util.concurrent.ConcurrentHashMap.get(Ljava/lang/Object;)Ljava/lang/Object; @ 152 c2
Event: 34.924 Thread 0x0000000002b9d800 DEOPT PACKING pc=0x000000001300afd0 sp=0x000000000237e130
Event: 34.924 Thread 0x0000000002b9d800 DEOPT UNPACKING pc=0x000000000b32a1af sp=0x000000000237e0a8 mode 2

Classes redefined (0 events):
No events

Internal exceptions (20 events):
Event: 26.335 Thread 0x000000003612d800 Exception <a 'java/net/ConnectException'{0x00000006275d6580}: Connection refused: connect> (0x00000006275d6580) thrown at [./src/hotspot/share/prims/jni.cpp, line 637]
Event: 26.354 Thread 0x000000003612d800 Exception <a 'java/net/ConnectException'{0x00000006275d7da0}: Connection refused: connect> (0x00000006275d7da0) thrown at [./src/hotspot/share/prims/jni.cpp, line 637]
Event: 26.387 Thread 0x000000003612d800 Exception <a 'java/net/ConnectException'{0x00000006275d8d20}: Connection refused: connect> (0x00000006275d8d20) thrown at [./src/hotspot/share/prims/jni.cpp, line 637]
Event: 26.523 Thread 0x0000000002b9d800 Exception <a 'java/lang/NoSuchMethodError'{0x0000000627048e28}: 'int java.lang.invoke.DirectMethodHandle$Holder.invokeVirtual(java.lang.Object, java.lang.Object)'> (0x0000000627048e28) thrown at [./src/hotspot/share/interpreter/linkResolver.cpp, line 773]
Event: 26.525 Thread 0x0000000002b9d800 Exception <a 'java/lang/NoSuchMethodError'{0x000000062704ec68}: 'double java.lang.invoke.DirectMethodHandle$Holder.invokeVirtual(java.lang.Object, java.lang.Object)'> (0x000000062704ec68) thrown at [./src/hotspot/share/interpreter/linkResolver.cpp, line 773]
Event: 26.526 Thread 0x0000000002b9d800 Exception <a 'java/lang/NoSuchMethodError'{0x0000000627054cd0}: 'float java.lang.invoke.DirectMethodHandle$Holder.invokeVirtual(java.lang.Object, java.lang.Object)'> (0x0000000627054cd0) thrown at [./src/hotspot/share/interpreter/linkResolver.cpp, line 773]
Event: 26.528 Thread 0x0000000002b9d800 Exception <a 'java/lang/NoSuchMethodError'{0x000000062705d470}: 'long java.lang.invoke.DirectMethodHandle$Holder.invokeVirtual(java.lang.Object, java.lang.Object)'> (0x000000062705d470) thrown at [./src/hotspot/share/interpreter/linkResolver.cpp, line 773]
Event: 26.707 Thread 0x0000000002b9d800 Exception <a 'java/lang/NoSuchMethodError'{0x0000000626d739e8}: 'void java.lang.invoke.DirectMethodHandle$Holder.invokeSpecial(java.lang.Object, java.lang.Object, java.lang.Object, java.lang.Object, java.lang.Object)'> (0x0000000626d739e8) thrown at [./src/hotspot/share/interpreter/linkResolver.cpp, line 773]
Event: 26.709 Thread 0x0000000002b9d800 Exception <a 'java/lang/NoSuchMethodError'{0x0000000626d7bbe0}: 'void java.lang.invoke.DirectMethodHandle$Holder.invokeStatic(java.lang.Object, java.lang.Object, int)'> (0x0000000626d7bbe0) thrown at [./src/hotspot/share/interpreter/linkResolver.cpp, line 773]
Event: 26.998 Thread 0x0000000002b9d800 Exception <a 'java/lang/NoSuchMethodError'{0x00000006265d18c0}: 'int java.lang.invoke.DirectMethodHandle$Holder.invokeSpecialIFC(java.lang.Object, java.lang.Object, java.lang.Object)'> (0x00000006265d18c0) thrown at [./src/hotspot/share/interpreter/linkResolver.cpp, line 773]
Event: 34.069 Thread 0x0000000002b9d800 Exception <a 'java/lang/NoSuchMethodError'{0x00000006279c1b48}: 'java.lang.Object java.lang.invoke.DirectMethodHandle$Holder.invokeSpecialIFC(java.lang.Object, java.lang.Object, java.lang.Object)'> (0x00000006279c1b48) thrown at [./src/hotspot/share/interpreter/linkResolver.cpp, line 773]
Event: 34.151 Thread 0x0000000002b9d800 Exception <a 'java/lang/ClassNotFoundException'{0x000000062775b550}: sun/util/logging/resources/spi/loggingProvider> (0x000000062775b550) thrown at [./src/hotspot/share/classfile/systemDictionary.cpp, line 230]
Event: 34.369 Thread 0x0000000002b9d800 Exception <a 'java/lang/reflect/InvocationTargetException'{0x0000000626a92ae0}> (0x0000000626a92ae0) thrown at [./src/hotspot/share/runtime/reflection.cpp, line 1247]
Event: 34.370 Thread 0x0000000002b9d800 Exception <a 'java/lang/reflect/InvocationTargetException'{0x0000000626a95c48}> (0x0000000626a95c48) thrown at [./src/hotspot/share/runtime/reflection.cpp, line 1247]
Event: 34.475 Thread 0x0000000002b9d800 Exception <a 'java/lang/IncompatibleClassChangeError'{0x00000006268141c0}: Found class java.lang.Object, but interface was expected> (0x00000006268141c0) thrown at [./src/hotspot/share/interpreter/linkResolver.cpp, line 839]
Event: 34.479 Thread 0x0000000002b9d800 Exception <a 'java/lang/IncompatibleClassChangeError'{0x0000000626848b00}: Found class java.lang.Object, but interface was expected> (0x0000000626848b00) thrown at [./src/hotspot/share/interpreter/linkResolver.cpp, line 839]
Event: 34.483 Thread 0x0000000002b9d800 Exception <a 'java/lang/IncompatibleClassChangeError'{0x0000000626865bc0}: Found class java.lang.Object, but interface was expected> (0x0000000626865bc0) thrown at [./src/hotspot/share/interpreter/linkResolver.cpp, line 839]
Event: 34.484 Thread 0x0000000002b9d800 Exception <a 'java/lang/IncompatibleClassChangeError'{0x0000000626868b20}: Found class java.lang.Object, but interface was expected> (0x0000000626868b20) thrown at [./src/hotspot/share/interpreter/linkResolver.cpp, line 839]
Event: 34.484 Thread 0x0000000002b9d800 Exception <a 'java/lang/IncompatibleClassChangeError'{0x000000062686c070}: Found class java.lang.Object, but interface was expected> (0x000000062686c070) thrown at [./src/hotspot/share/interpreter/linkResolver.cpp, line 839]
Event: 34.485 Thread 0x0000000002b9d800 Exception <a 'sun/nio/fs/WindowsException'{0x000000062686ee18}> (0x000000062686ee18) thrown at [./src/hotspot/share/prims/jni.cpp, line 616]

Events (20 events):
Event: 34.900 loading class io/qameta/allure/internal/shadowed/jackson/databind/ser/impl/UnwrappingBeanPropertyWriter
Event: 34.900 loading class io/qameta/allure/internal/shadowed/jackson/databind/ser/impl/UnwrappingBeanPropertyWriter done
Event: 34.903 loading class io/qameta/allure/internal/shadowed/jackson/databind/ser/impl/PropertySerializerMap
Event: 34.903 loading class io/qameta/allure/internal/shadowed/jackson/databind/ser/impl/PropertySerializerMap done
Event: 34.909 loading class io/qameta/allure/internal/shadowed/jackson/databind/ser/impl/PropertySerializerMap$Empty
Event: 34.909 loading class io/qameta/allure/internal/shadowed/jackson/databind/ser/impl/PropertySerializerMap$Empty done
Event: 34.914 loading class io/qameta/allure/internal/shadowed/jackson/databind/ser/impl/PropertySerializerMap$Single
Event: 34.914 loading class io/qameta/allure/internal/shadowed/jackson/databind/ser/impl/PropertySerializerMap$Single done
Event: 34.935 loading class io/qameta/allure/internal/shadowed/jackson/databind/annotation/JsonAppend
Event: 34.935 loading class io/qameta/allure/internal/shadowed/jackson/databind/annotation/JsonAppend done
Event: 34.940 loading class io/qameta/allure/internal/shadowed/jackson/annotation/JsonIgnoreProperties
Event: 34.940 loading class io/qameta/allure/internal/shadowed/jackson/annotation/JsonIgnoreProperties done
Event: 34.947 loading class io/qameta/allure/internal/shadowed/jackson/annotation/JsonIgnoreProperties$Value
Event: 34.947 loading class io/qameta/allure/internal/shadowed/jackson/annotation/JsonIgnoreProperties$Value done
Event: 34.957 loading class io/qameta/allure/internal/shadowed/jackson/annotation/JsonIncludeProperties
Event: 34.957 loading class io/qameta/allure/internal/shadowed/jackson/annotation/JsonIncludeProperties done
Event: 34.964 loading class io/qameta/allure/internal/shadowed/jackson/annotation/JsonIncludeProperties$Value
Event: 34.964 loading class io/qameta/allure/internal/shadowed/jackson/annotation/JsonIncludeProperties$Value done
Event: 34.971 loading class io/qameta/allure/internal/shadowed/jackson/annotation/JsonFilter
Event: 34.971 loading class io/qameta/allure/internal/shadowed/jackson/annotation/JsonFilter done


Dynamic libraries:
0x00007ff79e0d0000 - 0x00007ff79e0dd000 	C:\Program Files\Amazon Corretto\jdk11.0.14_10\bin\java.exe
0x00007ff87c0c0000 - 0x00007ff87c2c9000 	C:\Windows\SYSTEM32\ntdll.dll
0x00007ff87acd0000 - 0x00007ff87ad8d000 	C:\Windows\System32\KERNEL32.DLL
0x00007ff879b20000 - 0x00007ff879e94000 	C:\Windows\System32\KERNELBASE.dll
0x00007ff879960000 - 0x00007ff879a71000 	C:\Windows\System32\ucrtbase.dll
0x00007ff86f9c0000 - 0x00007ff86f9d7000 	C:\Program Files\Amazon Corretto\jdk11.0.14_10\bin\jli.dll
0x00007ff87aa90000 - 0x00007ff87ac3c000 	C:\Windows\System32\USER32.dll
0x00007ff879810000 - 0x00007ff879836000 	C:\Windows\System32\win32u.dll
0x00007ff87a1c0000 - 0x00007ff87a1e9000 	C:\Windows\System32\GDI32.dll
0x00007ff879840000 - 0x00007ff879952000 	C:\Windows\System32\gdi32full.dll
0x00007ff879a80000 - 0x00007ff879b1d000 	C:\Windows\System32\msvcp_win.dll
0x00007ff8656c0000 - 0x00007ff865965000 	C:\Windows\WinSxS\amd64_microsoft.windows.common-controls_6595b64144ccf1df_6.0.22000.120_none_9d947278b86cc467\COMCTL32.dll
0x00007ff87a9e0000 - 0x00007ff87aa83000 	C:\Windows\System32\msvcrt.dll
0x00007ff863c10000 - 0x00007ff863c29000 	C:\Program Files\Amazon Corretto\jdk11.0.14_10\bin\VCRUNTIME140.dll
0x00007ff87ae20000 - 0x00007ff87ae51000 	C:\Windows\System32\IMM32.DLL
0x00007ff848a30000 - 0x00007ff848acb000 	C:\Program Files\Amazon Corretto\jdk11.0.14_10\bin\msvcp140.dll
0x00007fffe6560000 - 0x00007fffe70e3000 	C:\Program Files\Amazon Corretto\jdk11.0.14_10\bin\server\jvm.dll
0x00007ff87b850000 - 0x00007ff87b8fe000 	C:\Windows\System32\ADVAPI32.dll
0x00007ff87bda0000 - 0x00007ff87be3e000 	C:\Windows\System32\sechost.dll
0x00007ff87be70000 - 0x00007ff87bf90000 	C:\Windows\System32\RPCRT4.dll
0x00007ff87b840000 - 0x00007ff87b848000 	C:\Windows\System32\PSAPI.DLL
0x00007ff8577b0000 - 0x00007ff8577b9000 	C:\Windows\SYSTEM32\WSOCK32.dll
0x00007ff87ac60000 - 0x00007ff87accf000 	C:\Windows\System32\WS2_32.dll
0x00007ff873540000 - 0x00007ff873573000 	C:\Windows\SYSTEM32\WINMM.dll
0x00007ff870eb0000 - 0x00007ff870eba000 	C:\Windows\SYSTEM32\VERSION.dll
0x00007ff878670000 - 0x00007ff878688000 	C:\Windows\SYSTEM32\kernel.appcore.dll
0x00007ff8746b0000 - 0x00007ff8746c0000 	C:\Program Files\Amazon Corretto\jdk11.0.14_10\bin\verify.dll
0x00007ff8716e0000 - 0x00007ff871901000 	C:\Windows\SYSTEM32\DBGHELP.DLL
0x00007ff86efc0000 - 0x00007ff86eff1000 	C:\Windows\SYSTEM32\dbgcore.DLL
0x00007ff879620000 - 0x00007ff87969f000 	C:\Windows\System32\bcryptPrimitives.dll
0x00007ff85b250000 - 0x00007ff85b278000 	C:\Program Files\Amazon Corretto\jdk11.0.14_10\bin\java.dll
0x00007ff870ca0000 - 0x00007ff870caa000 	C:\Program Files\Amazon Corretto\jdk11.0.14_10\bin\jimage.dll
0x00007ff870570000 - 0x00007ff87057e000 	C:\Program Files\Amazon Corretto\jdk11.0.14_10\bin\instrument.dll
0x00007ff85f140000 - 0x00007ff85f158000 	C:\Program Files\Amazon Corretto\jdk11.0.14_10\bin\zip.dll
0x00007ff87b080000 - 0x00007ff87b82e000 	C:\Windows\System32\SHELL32.dll
0x00007ff8776e0000 - 0x00007ff877f47000 	C:\Windows\SYSTEM32\windows.storage.dll
0x00007ff87a1f0000 - 0x00007ff87a568000 	C:\Windows\System32\combase.dll
0x00007ff877570000 - 0x00007ff8776d6000 	C:\Windows\SYSTEM32\wintypes.dll
0x00007ff87bc50000 - 0x00007ff87bd3a000 	C:\Windows\System32\SHCORE.dll
0x00007ff87a100000 - 0x00007ff87a15d000 	C:\Windows\System32\shlwapi.dll
0x00007ff8794e0000 - 0x00007ff879501000 	C:\Windows\SYSTEM32\profapi.dll
0x00007ff858180000 - 0x00007ff858199000 	C:\Program Files\Amazon Corretto\jdk11.0.14_10\bin\net.dll
0x00007ff874c10000 - 0x00007ff874d1c000 	C:\Windows\SYSTEM32\WINHTTP.dll
0x00007ff878a90000 - 0x00007ff878af7000 	C:\Windows\system32\mswsock.dll
0x00007ff8579f0000 - 0x00007ff857a03000 	C:\Program Files\Amazon Corretto\jdk11.0.14_10\bin\nio.dll
0x00007ff85f110000 - 0x00007ff85f119000 	C:\Program Files\Amazon Corretto\jdk11.0.14_10\bin\management.dll
0x00007ff85b010000 - 0x00007ff85b01b000 	C:\Program Files\Amazon Corretto\jdk11.0.14_10\bin\management_ext.dll
0x00007ff878dd0000 - 0x00007ff878de8000 	C:\Windows\SYSTEM32\CRYPTSP.dll
0x00007ff8697f0000 - 0x00007ff869807000 	C:\Program Files\Common Files\Crypto Pro\AppCompat\cpadvai.dll
0x00007ff8785d0000 - 0x00007ff878605000 	C:\Windows\system32\rsaenh.dll
0x00007ff878b30000 - 0x00007ff878b59000 	C:\Windows\SYSTEM32\USERENV.dll
0x00007ff878190000 - 0x00007ff8781bd000 	C:\Windows\SYSTEM32\IPHLPAPI.DLL
0x00007ff87b830000 - 0x00007ff87b839000 	C:\Windows\System32\NSI.dll
0x00007ff8735d0000 - 0x00007ff8735e9000 	C:\Windows\SYSTEM32\dhcpcsvc6.DLL
0x00007ff8738f0000 - 0x00007ff87390e000 	C:\Windows\SYSTEM32\dhcpcsvc.DLL
0x00007ff8781c0000 - 0x00007ff8782a7000 	C:\Windows\SYSTEM32\DNSAPI.dll
0x00007ff8606a0000 - 0x00007ff8606b7000 	C:\Windows\system32\napinsp.dll
0x00007ff860680000 - 0x00007ff86069b000 	C:\Windows\system32\pnrpnsp.dll
0x00007ff860660000 - 0x00007ff860672000 	C:\Windows\System32\winrnr.dll
0x00007ff8734e0000 - 0x00007ff8734f5000 	C:\Windows\system32\wshbth.dll
0x00007ff860640000 - 0x00007ff86065f000 	C:\Windows\system32\nlansp_c.dll
0x00007ff872f00000 - 0x00007ff872f0a000 	C:\Windows\System32\rasadhlp.dll
0x00007ff872f30000 - 0x00007ff872fb1000 	C:\Windows\System32\fwpuclnt.dll
0x00007ff858250000 - 0x00007ff858275000 	C:\Program Files\Amazon Corretto\jdk11.0.14_10\bin\sunec.dll
0x00007ff85f1a0000 - 0x00007ff85f1ae000 	C:\Program Files\Amazon Corretto\jdk11.0.14_10\bin\sunmscapi.dll
0x00007ff8796a0000 - 0x00007ff879802000 	C:\Windows\System32\CRYPT32.dll
0x00007ff878f60000 - 0x00007ff878f88000 	C:\Windows\SYSTEM32\ncrypt.dll
0x00007ff869810000 - 0x00007ff869832000 	C:\Program Files\Common Files\Crypto Pro\AppCompat\cpcrypt.dll
0x00007ff878f20000 - 0x00007ff878f57000 	C:\Windows\SYSTEM32\NTASN1.dll

dbghelp: loaded successfully - version: 4.0.5 - missing functions: none
symbol engine: initialized successfully - sym options: 0x614 - pdb path: .;C:\Program Files\Amazon Corretto\jdk11.0.14_10\bin;C:\Windows\SYSTEM32;C:\Windows\WinSxS\amd64_microsoft.windows.common-controls_6595b64144ccf1df_6.0.22000.120_none_9d947278b86cc467;C:\Program Files\Amazon Corretto\jdk11.0.14_10\bin\server;C:\Program Files\Common Files\Crypto Pro\AppCompat

VM Arguments:
jvm_args: -javaagent:C:\Users\Katyuna\.m2\repository/org/aspectj/aspectjweaver/1.9.7/aspectjweaver-1.9.7.jar 
java_command: C:\Users\Katyuna\AppData\Local\Temp\surefire16347437090106676668\surefirebooter8731822571595317464.jar C:\Users\Katyuna\AppData\Local\Temp\surefire16347437090106676668 2022-03-22T18-13-43_385-jvmRun1 surefire4633381818768413308tmp surefire_06853927503030269466tmp
java_class_path (initial): C:\Users\Katyuna\AppData\Local\Temp\surefire16347437090106676668\surefirebooter8731822571595317464.jar
Launcher Type: SUN_STANDARD

[Global flags]
     intx CICompilerCount                          = 4                                         {product} {ergonomic}
     uint ConcGCThreads                            = 3                                         {product} {ergonomic}
     uint G1ConcRefinementThreads                  = 10                                        {product} {ergonomic}
   size_t G1HeapRegionSize                         = 2097152                                   {product} {ergonomic}
    uintx GCDrainStackTargetSize                   = 64                                        {product} {ergonomic}
   size_t InitialHeapSize                          = 526385152                                 {product} {ergonomic}
   size_t MarkStackSize                            = 4194304                                   {product} {ergonomic}
   size_t MaxHeapSize                              = 8420065280                                {product} {ergonomic}
   size_t MaxNewSize                               = 5052039168                                {product} {ergonomic}
   size_t MinHeapDeltaBytes                        = 2097152                                   {product} {ergonomic}
    uintx NonNMethodCodeHeapSize                   = 5836300                                {pd product} {ergonomic}
    uintx NonProfiledCodeHeapSize                  = 122910970                              {pd product} {ergonomic}
    uintx ProfiledCodeHeapSize                     = 122910970                              {pd product} {ergonomic}
    uintx ReservedCodeCacheSize                    = 251658240                              {pd product} {ergonomic}
     bool SegmentedCodeCache                       = true                                      {product} {ergonomic}
     bool UseCompressedClassPointers               = true                                 {lp64_product} {ergonomic}
     bool UseCompressedOops                        = true                                 {lp64_product} {ergonomic}
     bool UseG1GC                                  = true                                      {product} {ergonomic}
     bool UseLargePagesIndividualAllocation        = false                                  {pd product} {ergonomic}

Logging:
Log output configuration:
 #0: stdout all=warning uptime,level,tags
 #1: stderr all=off uptime,level,tags

Environment Variables:
JAVA_HOME=C:\Program Files\Amazon Corretto\jdk11.0.14_10
PATH=C:\Program Files\Amazon Corretto\jdk11.0.14_10\bin;C:\Windows\system32;C:\Windows;C:\Windows\System32\Wbem;C:\Windows\System32\WindowsPowerShell\v1.0\;C:\Windows\System32\OpenSSH\;D:\Tools\apache-maven-3.8.4\bin;D:\Tools\apache-maven-3.8.4\binbin;C:\Program Files\Git\cmd;C:\Program Files\PuTTY\;C:\Program Files\Docker\Docker\resources\bin;C:\ProgramData\DockerDesktop\version-bin;C:\Program Files (x86)\Common Files\Adobe\AGL;D:\Tools\allure-commandline-2.17.3\allure-2.17.3\bin;C:\Users\Katyuna\AppData\Local\Microsoft\WindowsApps;C:\Program Files\JetBrains\IntelliJ IDEA 2021.3.2\bin;;C:\Program Files\JetBrains\IntelliJ IDEA Community Edition 2021.3.2\bin;;D:\Tools\allure-commandline-2.17.3\allure-2.17.3\bin;
USERNAME=Katyuna
OS=Windows_NT
PROCESSOR_IDENTIFIER=AMD64 Family 23 Model 104 Stepping 1, AuthenticAMD



---------------  S Y S T E M  ---------------

OS: Windows 11 , 64 bit Build 22000 (10.0.22000.434)
OS uptime: 6 days 5:04 hours
Hyper-V role detected

CPU:total 12 (initial active 12) (12 cores per cpu, 2 threads per core) family 23 model 104 stepping 1 microcode 0x0, cmov, cx8, fxsr, mmx, sse, sse2, sse3, ssse3, sse4.1, sse4.2, popcnt, avx, avx2, aes, clmul, mmxext, 3dnowpref, lzcnt, sse4a, ht, tsc, tscinvbit, tscinv, bmi1, bmi2, adx, sha, fma

Memory: 4k page, system-wide physical 32117M (11263M free)
TotalPageFile size 50769M (AvailPageFile size 3M)
current process WorkingSet (physical memory assigned to process): 438M, peak: 438M
current process commit charge ("private bytes"): 733M, peak: 747M

vm_info: OpenJDK 64-Bit Server VM (11.0.14.1+10-LTS) for windows-amd64 JRE (11.0.14.1+10-LTS), built on Feb  8 2022 00:13:20 by "Administrator" with unknown MS VC++:1916

END.
